0 info it worked if it ends with ok
1 verbose cli [ 'node',
1 verbose cli   '/usr/local/bin/npm',
1 verbose cli   'install',
1 verbose cli   '--save',
1 verbose cli   'react-cropper' ]
2 info using npm@1.4.20
3 info using node@v0.10.24
4 warn package.json img-search@0.0.0 No repository field.
5 warn package.json img-search@0.0.0 No README data
6 verbose readDependencies using package.json deps
7 verbose cache add [ 'react-cropper', null ]
8 verbose cache add name=undefined spec="react-cropper" args=["react-cropper",null]
9 verbose parsed url { protocol: null,
9 verbose parsed url   slashes: null,
9 verbose parsed url   auth: null,
9 verbose parsed url   host: null,
9 verbose parsed url   port: null,
9 verbose parsed url   hostname: null,
9 verbose parsed url   hash: null,
9 verbose parsed url   search: null,
9 verbose parsed url   query: null,
9 verbose parsed url   pathname: 'react-cropper',
9 verbose parsed url   path: 'react-cropper',
9 verbose parsed url   href: 'react-cropper' }
10 silly lockFile 0376d335-react-cropper react-cropper
11 verbose lock react-cropper /Users/allanwatson/.npm/0376d335-react-cropper.lock
12 silly lockFile 0376d335-react-cropper react-cropper
13 silly lockFile 0376d335-react-cropper react-cropper
14 verbose addNamed [ 'react-cropper', '' ]
15 verbose addNamed [ null, '*' ]
16 silly lockFile df919970-react-cropper react-cropper@
17 verbose lock react-cropper@ /Users/allanwatson/.npm/df919970-react-cropper.lock
18 silly addNameRange { name: 'react-cropper', range: '*', hasData: false }
19 verbose request where is /react-cropper
20 verbose request registry https://registry.npmjs.org/
21 verbose request id ab4c481558451977
22 verbose url raw /react-cropper
23 verbose url resolving [ 'https://registry.npmjs.org/', './react-cropper' ]
24 verbose url resolved https://registry.npmjs.org/react-cropper
25 verbose request where is https://registry.npmjs.org/react-cropper
26 info trying registry request attempt 1 at 21:16:04
27 verbose etag "1Q24UE7V78C9FCTVKAMBIGVID"
28 http GET https://registry.npmjs.org/react-cropper
29 http 304 https://registry.npmjs.org/react-cropper
30 silly registry.get cb [ 304,
30 silly registry.get   { date: 'Thu, 12 Nov 2015 21:15:55 GMT',
30 silly registry.get     via: '1.1 varnish',
30 silly registry.get     'cache-control': 'max-age=60',
30 silly registry.get     etag: '"1Q24UE7V78C9FCTVKAMBIGVID"',
30 silly registry.get     age: '0',
30 silly registry.get     connection: 'keep-alive',
30 silly registry.get     'x-served-by': 'cache-lcy1126-LCY',
30 silly registry.get     'x-cache': 'MISS',
30 silly registry.get     'x-cache-hits': '0',
30 silly registry.get     'x-timer': 'S1447362955.075252,VS0,VE352',
30 silly registry.get     vary: 'Accept' } ]
31 verbose etag https://registry.npmjs.org/react-cropper from cache
32 silly addNameRange number 2 { name: 'react-cropper', range: '*', hasData: true }
33 silly addNameRange versions [ 'react-cropper',
33 silly addNameRange   [ '0.1.4',
33 silly addNameRange     '0.1.5',
33 silly addNameRange     '0.1.6',
33 silly addNameRange     '0.1.7',
33 silly addNameRange     '0.1.8',
33 silly addNameRange     '0.2.0',
33 silly addNameRange     '0.2.1',
33 silly addNameRange     '0.2.2',
33 silly addNameRange     '0.3.0',
33 silly addNameRange     '0.4.0-beta',
33 silly addNameRange     '0.4.0',
33 silly addNameRange     '0.5.0',
33 silly addNameRange     '0.5.1' ] ]
34 verbose addNamed [ 'react-cropper', '0.5.1' ]
35 verbose addNamed [ '0.5.1', '0.5.1' ]
36 silly lockFile 471f90e0-react-cropper-0-5-1 react-cropper@0.5.1
37 verbose lock react-cropper@0.5.1 /Users/allanwatson/.npm/471f90e0-react-cropper-0-5-1.lock
38 silly lockFile 471f90e0-react-cropper-0-5-1 react-cropper@0.5.1
39 silly lockFile 471f90e0-react-cropper-0-5-1 react-cropper@0.5.1
40 silly lockFile df919970-react-cropper react-cropper@
41 silly lockFile df919970-react-cropper react-cropper@
42 silly resolved [ { name: 'react-cropper',
42 silly resolved     version: '0.5.1',
42 silly resolved     description: 'Cropper as React components',
42 silly resolved     main: 'dist/react-cropper.js',
42 silly resolved     scripts:
42 silly resolved      { test: 'echo "Error: no test specified" && exit 1',
42 silly resolved        lint: 'eslint ./',
42 silly resolved        build: ' babel src/react-cropper.js --out-file dist/react-cropper.js',
42 silly resolved        prepublish: 'npm run build',
42 silly resolved        prebuild: 'npm run lint',
42 silly resolved        'build-example': 'npm run build && webpack example/index.js --config example/webpack.config.js --output-path example/assets' },
42 silly resolved     author: { name: 'Fong Kuanghuei', email: 'waneblade@gmail.com' },
42 silly resolved     homepage: 'http://roadmanfong.github.io/react-cropper/',
42 silly resolved     bugs: { url: 'https://github.com/roadmanfong/react-cropper/issues' },
42 silly resolved     keywords: [ 'react', 'react-component', 'cropper', 'image' ],
42 silly resolved     license: 'MIT',
42 silly resolved     repository:
42 silly resolved      { type: 'git',
42 silly resolved        url: 'git+https://github.com/roadmanfong/react-cropper.git' },
42 silly resolved     dependencies: { cropper: '^0.11.1' },
42 silly resolved     peerDependencies: { react: '^0.14.0', jquery: '^1.11.3 || ^2.1.4' },
42 silly resolved     devDependencies:
42 silly resolved      { babel: '^5.8.23',
42 silly resolved        'babel-eslint': '^4.1.1',
42 silly resolved        'babel-loader': '^5.3.2',
42 silly resolved        'css-loader': '^0.17.0',
42 silly resolved        eslint: '^1.3.1',
42 silly resolved        'eslint-plugin-babel': '^2.1.1',
42 silly resolved        'eslint-plugin-react': '^3.3.2',
42 silly resolved        'extract-text-webpack-plugin': '^0.8.2',
42 silly resolved        react: '^0.14.0',
42 silly resolved        'react-dom': '^0.14.0',
42 silly resolved        'style-loader': '^0.12.3',
42 silly resolved        webpack: '^1.12.1' },
42 silly resolved     gitHead: 'fadaa191fb5894a241eb8c6281bf6424161f477f',
42 silly resolved     _id: 'react-cropper@0.5.1',
42 silly resolved     _shasum: '3c54f4207773bf8f3eba47959650cb7ef10bc4cc',
42 silly resolved     _from: 'react-cropper@',
42 silly resolved     _npmVersion: '2.12.1',
42 silly resolved     _nodeVersion: '0.12.7',
42 silly resolved     _npmUser: { name: 'roadmanfong', email: 'waneblade@gmail.com' },
42 silly resolved     dist:
42 silly resolved      { shasum: '3c54f4207773bf8f3eba47959650cb7ef10bc4cc',
42 silly resolved        tarball: 'http://registry.npmjs.org/react-cropper/-/react-cropper-0.5.1.tgz' },
42 silly resolved     maintainers: [ [Object] ],
42 silly resolved     directories: {},
42 silly resolved     _resolved: 'https://registry.npmjs.org/react-cropper/-/react-cropper-0.5.1.tgz',
42 silly resolved     readme: 'ERROR: No README data found!' } ]
43 info install react-cropper@0.5.1 into /Applications/MAMP/htdocs/img-search
44 info installOne react-cropper@0.5.1
45 verbose node_modules/react-cropper unbuild
46 verbose tar unpack /Users/allanwatson/.npm/react-cropper/0.5.1/package.tgz
47 silly lockFile 2082dba8-earch-node-modules-react-cropper tar:///Applications/MAMP/htdocs/img-search/node_modules/react-cropper
48 verbose lock tar:///Applications/MAMP/htdocs/img-search/node_modules/react-cropper /Users/allanwatson/.npm/2082dba8-earch-node-modules-react-cropper.lock
49 silly lockFile 3fa7ce78--react-cropper-0-5-1-package-tgz tar:///Users/allanwatson/.npm/react-cropper/0.5.1/package.tgz
50 verbose lock tar:///Users/allanwatson/.npm/react-cropper/0.5.1/package.tgz /Users/allanwatson/.npm/3fa7ce78--react-cropper-0-5-1-package-tgz.lock
51 silly gunzTarPerm modes [ '755', '644' ]
52 silly gunzTarPerm extractEntry package.json
53 silly gunzTarPerm extractEntry .npmignore
54 silly gunzTarPerm extractEntry README.md
55 silly gunzTarPerm extractEntry LICENSE
56 silly gunzTarPerm extractEntry .editorconfig
57 silly gunzTarPerm extractEntry .eslintignore
58 silly gunzTarPerm extractEntry dist/react-cropper.js
59 silly gunzTarPerm extractEntry .eslintrc
60 silly lockFile 2082dba8-earch-node-modules-react-cropper tar:///Applications/MAMP/htdocs/img-search/node_modules/react-cropper
61 silly lockFile 2082dba8-earch-node-modules-react-cropper tar:///Applications/MAMP/htdocs/img-search/node_modules/react-cropper
62 silly lockFile 3fa7ce78--react-cropper-0-5-1-package-tgz tar:///Users/allanwatson/.npm/react-cropper/0.5.1/package.tgz
63 silly lockFile 3fa7ce78--react-cropper-0-5-1-package-tgz tar:///Users/allanwatson/.npm/react-cropper/0.5.1/package.tgz
64 info preinstall react-cropper@0.5.1
65 verbose readDependencies using package.json deps
66 verbose readDependencies using package.json deps
67 verbose cache add [ 'cropper@^0.11.1', null ]
68 verbose cache add name=undefined spec="cropper@^0.11.1" args=["cropper@^0.11.1",null]
69 verbose parsed url { protocol: null,
69 verbose parsed url   slashes: null,
69 verbose parsed url   auth: null,
69 verbose parsed url   host: null,
69 verbose parsed url   port: null,
69 verbose parsed url   hostname: null,
69 verbose parsed url   hash: null,
69 verbose parsed url   search: null,
69 verbose parsed url   query: null,
69 verbose parsed url   pathname: 'cropper@^0.11.1',
69 verbose parsed url   path: 'cropper@^0.11.1',
69 verbose parsed url   href: 'cropper@^0.11.1' }
70 verbose cache add name="cropper" spec="^0.11.1" args=["cropper","^0.11.1"]
71 verbose parsed url { protocol: null,
71 verbose parsed url   slashes: null,
71 verbose parsed url   auth: null,
71 verbose parsed url   host: null,
71 verbose parsed url   port: null,
71 verbose parsed url   hostname: null,
71 verbose parsed url   hash: null,
71 verbose parsed url   search: null,
71 verbose parsed url   query: null,
71 verbose parsed url   pathname: '^0.11.1',
71 verbose parsed url   path: '^0.11.1',
71 verbose parsed url   href: '^0.11.1' }
72 verbose addNamed [ 'cropper', '^0.11.1' ]
73 verbose addNamed [ null, '>=0.11.1-0 <0.12.0-0' ]
74 silly lockFile d6cc3024-cropper-0-11-1 cropper@^0.11.1
75 verbose lock cropper@^0.11.1 /Users/allanwatson/.npm/d6cc3024-cropper-0-11-1.lock
76 silly addNameRange { name: 'cropper',
76 silly addNameRange   range: '>=0.11.1-0 <0.12.0-0',
76 silly addNameRange   hasData: false }
77 verbose request where is /cropper
78 verbose request registry https://registry.npmjs.org/
79 verbose url raw /cropper
80 verbose url resolving [ 'https://registry.npmjs.org/', './cropper' ]
81 verbose url resolved https://registry.npmjs.org/cropper
82 verbose request where is https://registry.npmjs.org/cropper
83 info trying registry request attempt 1 at 21:16:05
84 verbose etag "BXJRNYWWKF1R97QWHREFCE7RS"
85 http GET https://registry.npmjs.org/cropper
86 http 304 https://registry.npmjs.org/cropper
87 silly registry.get cb [ 304,
87 silly registry.get   { date: 'Thu, 12 Nov 2015 21:15:55 GMT',
87 silly registry.get     via: '1.1 varnish',
87 silly registry.get     'cache-control': 'max-age=60',
87 silly registry.get     etag: '"BXJRNYWWKF1R97QWHREFCE7RS"',
87 silly registry.get     age: '1',
87 silly registry.get     connection: 'keep-alive',
87 silly registry.get     'x-served-by': 'cache-lcy1134-LCY',
87 silly registry.get     'x-cache': 'MISS',
87 silly registry.get     'x-cache-hits': '0',
87 silly registry.get     'x-timer': 'S1447362955.620954,VS0,VE987',
87 silly registry.get     vary: 'Accept' } ]
88 verbose etag https://registry.npmjs.org/cropper from cache
89 silly addNameRange number 2 { name: 'cropper', range: '>=0.11.1-0 <0.12.0-0', hasData: true }
90 silly addNameRange versions [ 'cropper',
90 silly addNameRange   [ '0.1.0',
90 silly addNameRange     '0.2.1',
90 silly addNameRange     '0.2.2',
90 silly addNameRange     '0.2.3',
90 silly addNameRange     '0.2.4',
90 silly addNameRange     '0.3.0',
90 silly addNameRange     '0.3.1',
90 silly addNameRange     '0.3.2',
90 silly addNameRange     '0.3.3',
90 silly addNameRange     '0.3.4',
90 silly addNameRange     '0.3.5',
90 silly addNameRange     '0.3.6',
90 silly addNameRange     '0.3.7',
90 silly addNameRange     '0.3.8',
90 silly addNameRange     '0.3.9',
90 silly addNameRange     '0.4.0',
90 silly addNameRange     '0.4.2',
90 silly addNameRange     '0.4.3-alpha',
90 silly addNameRange     '0.4.3-beta',
90 silly addNameRange     '0.4.4-rc',
90 silly addNameRange     '0.4.4',
90 silly addNameRange     '0.5.0',
90 silly addNameRange     '0.5.1',
90 silly addNameRange     '0.5.2',
90 silly addNameRange     '0.5.3',
90 silly addNameRange     '0.5.4',
90 silly addNameRange     '0.5.5',
90 silly addNameRange     '0.6.0',
90 silly addNameRange     '0.6.1',
90 silly addNameRange     '0.6.2',
90 silly addNameRange     '0.7.0',
90 silly addNameRange     '0.7.1',
90 silly addNameRange     '0.7.2',
90 silly addNameRange     '0.7.3',
90 silly addNameRange     '0.7.4',
90 silly addNameRange     '0.7.5',
90 silly addNameRange     '0.7.6',
90 silly addNameRange     '0.7.7',
90 silly addNameRange     '0.7.8',
90 silly addNameRange     '0.7.9',
90 silly addNameRange     '0.8.0',
90 silly addNameRange     '0.9.0',
90 silly addNameRange     '0.9.1',
90 silly addNameRange     '0.9.2',
90 silly addNameRange     '0.9.3',
90 silly addNameRange     '0.10.0',
90 silly addNameRange     '0.10.1',
90 silly addNameRange     '0.11.0',
90 silly addNameRange     '0.11.1',
90 silly addNameRange     '1.0.0-rc.1',
90 silly addNameRange     '1.0.0',
90 silly addNameRange     '2.0.0' ] ]
91 verbose addNamed [ 'cropper', '0.11.1' ]
92 verbose addNamed [ '0.11.1', '0.11.1' ]
93 silly lockFile b55190ea-cropper-0-11-1 cropper@0.11.1
94 verbose lock cropper@0.11.1 /Users/allanwatson/.npm/b55190ea-cropper-0-11-1.lock
95 silly lockFile b55190ea-cropper-0-11-1 cropper@0.11.1
96 silly lockFile b55190ea-cropper-0-11-1 cropper@0.11.1
97 silly lockFile d6cc3024-cropper-0-11-1 cropper@^0.11.1
98 silly lockFile d6cc3024-cropper-0-11-1 cropper@^0.11.1
99 silly resolved [ { name: 'cropper',
99 silly resolved     description: 'A simple jQuery image cropping plugin.',
99 silly resolved     version: '0.11.1',
99 silly resolved     main: 'dist/cropper.js',
99 silly resolved     keywords:
99 silly resolved      [ 'image',
99 silly resolved        'crop',
99 silly resolved        'cropping',
99 silly resolved        'move',
99 silly resolved        'zoom',
99 silly resolved        'rotate',
99 silly resolved        'scale',
99 silly resolved        'jquery',
99 silly resolved        'plugin',
99 silly resolved        'html',
99 silly resolved        'css',
99 silly resolved        'javascript',
99 silly resolved        'front-end',
99 silly resolved        'web',
99 silly resolved        'development' ],
99 silly resolved     author:
99 silly resolved      { name: 'Fengyuan Chen',
99 silly resolved        url: 'https://github.com/fengyuanchen' },
99 silly resolved     homepage: 'https://github.com/fengyuanchen/cropper',
99 silly resolved     repository:
99 silly resolved      { type: 'git',
99 silly resolved        url: 'git+https://github.com/fengyuanchen/cropper.git' },
99 silly resolved     bugs: { url: 'https://github.com/fengyuanchen/cropper/issues' },
99 silly resolved     license: 'MIT',
99 silly resolved     dependencies: { '@fengyuanchen/tooltip': '0.0.2', jquery: '>= 1.9.1' },
99 silly resolved     devDependencies:
99 silly resolved      { gulp: '^3.9.0',
99 silly resolved        'gulp-autoprefixer': '^2.3.1',
99 silly resolved        'gulp-concat': '~2.6.0',
99 silly resolved        'gulp-csscomb': '^3.0.6',
99 silly resolved        'gulp-csslint': '^0.1.5',
99 silly resolved        'gulp-htmlcomb': '0.0.1',
99 silly resolved        'gulp-jscs': '^2.0.0',
99 silly resolved        'gulp-jshint': '^1.11.0',
99 silly resolved        'gulp-less': '^3.0.3',
99 silly resolved        'gulp-load-plugins': '^1.0.0-rc.1',
99 silly resolved        'gulp-minify-css': '^1.1.6',
99 silly resolved        'gulp-qunit': '^1.2.1',
99 silly resolved        'gulp-rename': '^1.2.0',
99 silly resolved        'gulp-replace': '^0.5.3',
99 silly resolved        'gulp-sourcemaps': '~1.5.2',
99 silly resolved        'gulp-uglify': '^1.1.0' },
99 silly resolved     gitHead: 'b3d26104db0a6ae5e336842e2303825d9d53617d',
99 silly resolved     _id: 'cropper@0.11.1',
99 silly resolved     scripts: {},
99 silly resolved     _shasum: '0b520316e658756d593408a8eff61860865da997',
99 silly resolved     _from: 'cropper@^0.11.1',
99 silly resolved     _npmVersion: '2.8.3',
99 silly resolved     _nodeVersion: '0.12.2',
99 silly resolved     _npmUser: { name: 'fengyuanchen', email: 'cfy.org@gmail.com' },
99 silly resolved     dist:
99 silly resolved      { shasum: '0b520316e658756d593408a8eff61860865da997',
99 silly resolved        tarball: 'http://registry.npmjs.org/cropper/-/cropper-0.11.1.tgz' },
99 silly resolved     maintainers: [ [Object] ],
99 silly resolved     directories: {},
99 silly resolved     _resolved: 'https://registry.npmjs.org/cropper/-/cropper-0.11.1.tgz',
99 silly resolved     readme: 'ERROR: No README data found!' } ]
100 info install cropper@0.11.1 into /Applications/MAMP/htdocs/img-search/node_modules/react-cropper
101 info installOne cropper@0.11.1
102 verbose node_modules/react-cropper/node_modules/cropper unbuild
103 verbose tar unpack /Users/allanwatson/.npm/cropper/0.11.1/package.tgz
104 silly lockFile febbd3da-act-cropper-node-modules-cropper tar:///Applications/MAMP/htdocs/img-search/node_modules/react-cropper/node_modules/cropper
105 verbose lock tar:///Applications/MAMP/htdocs/img-search/node_modules/react-cropper/node_modules/cropper /Users/allanwatson/.npm/febbd3da-act-cropper-node-modules-cropper.lock
106 silly lockFile ed7e801e-n-npm-cropper-0-11-1-package-tgz tar:///Users/allanwatson/.npm/cropper/0.11.1/package.tgz
107 verbose lock tar:///Users/allanwatson/.npm/cropper/0.11.1/package.tgz /Users/allanwatson/.npm/ed7e801e-n-npm-cropper-0-11-1-package-tgz.lock
108 silly gunzTarPerm modes [ '755', '644' ]
109 silly gunzTarPerm extractEntry package.json
110 silly gunzTarPerm modified mode [ 'package.json', 438, 420 ]
111 silly gunzTarPerm extractEntry .npmignore
112 silly gunzTarPerm modified mode [ '.npmignore', 438, 420 ]
113 silly gunzTarPerm extractEntry README.md
114 silly gunzTarPerm modified mode [ 'README.md', 438, 420 ]
115 silly gunzTarPerm extractEntry gulpfile.js
116 silly gunzTarPerm modified mode [ 'gulpfile.js', 438, 420 ]
117 silly gunzTarPerm extractEntry CONTRIBUTING.md
118 silly gunzTarPerm modified mode [ 'CONTRIBUTING.md', 438, 420 ]
119 silly gunzTarPerm extractEntry LICENSE.md
120 silly gunzTarPerm modified mode [ 'LICENSE.md', 438, 420 ]
121 silly gunzTarPerm extractEntry .gitattributes
122 silly gunzTarPerm modified mode [ '.gitattributes', 438, 420 ]
123 silly gunzTarPerm extractEntry .htmlcombrc
124 silly gunzTarPerm modified mode [ '.htmlcombrc', 438, 420 ]
125 silly gunzTarPerm extractEntry assets/css/bootstrap.min.css
126 silly gunzTarPerm modified mode [ 'assets/css/bootstrap.min.css', 438, 420 ]
127 silly gunzTarPerm extractEntry assets/css/font-awesome.min.css
128 silly gunzTarPerm modified mode [ 'assets/css/font-awesome.min.css', 438, 420 ]
129 silly gunzTarPerm extractEntry assets/css/qunit.css
130 silly gunzTarPerm modified mode [ 'assets/css/qunit.css', 438, 420 ]
131 silly gunzTarPerm extractEntry assets/css/tooltip.min.css
132 silly gunzTarPerm modified mode [ 'assets/css/tooltip.min.css', 438, 420 ]
133 silly gunzTarPerm extractEntry assets/fonts/fontawesome-webfont.woff2
134 silly gunzTarPerm modified mode [ 'assets/fonts/fontawesome-webfont.woff2', 438, 420 ]
135 silly gunzTarPerm extractEntry assets/fonts/FontAwesome.otf
136 silly gunzTarPerm modified mode [ 'assets/fonts/FontAwesome.otf', 438, 420 ]
137 silly gunzTarPerm extractEntry assets/fonts/fontawesome-webfont.svg
138 silly gunzTarPerm modified mode [ 'assets/fonts/fontawesome-webfont.svg', 438, 420 ]
139 silly gunzTarPerm extractEntry assets/fonts/fontawesome-webfont.ttf
140 silly gunzTarPerm modified mode [ 'assets/fonts/fontawesome-webfont.ttf', 438, 420 ]
141 silly gunzTarPerm extractEntry assets/fonts/fontawesome-webfont.woff
142 silly gunzTarPerm modified mode [ 'assets/fonts/fontawesome-webfont.woff', 438, 420 ]
143 silly gunzTarPerm extractEntry assets/fonts/fontawesome-webfont.eot
144 silly gunzTarPerm modified mode [ 'assets/fonts/fontawesome-webfont.eot', 438, 420 ]
145 silly gunzTarPerm extractEntry assets/fonts/glyphicons-halflings-regular.eot
146 silly gunzTarPerm modified mode [ 'assets/fonts/glyphicons-halflings-regular.eot', 438, 420 ]
147 silly gunzTarPerm extractEntry assets/fonts/glyphicons-halflings-regular.svg
148 silly gunzTarPerm modified mode [ 'assets/fonts/glyphicons-halflings-regular.svg', 438, 420 ]
149 silly gunzTarPerm extractEntry assets/fonts/glyphicons-halflings-regular.ttf
150 silly gunzTarPerm modified mode [ 'assets/fonts/glyphicons-halflings-regular.ttf', 438, 420 ]
151 silly gunzTarPerm extractEntry assets/fonts/glyphicons-halflings-regular.woff
152 silly gunzTarPerm modified mode [ 'assets/fonts/glyphicons-halflings-regular.woff', 438, 420 ]
153 silly gunzTarPerm extractEntry assets/fonts/glyphicons-halflings-regular.woff2
154 silly gunzTarPerm modified mode [ 'assets/fonts/glyphicons-halflings-regular.woff2', 438, 420 ]
155 silly gunzTarPerm extractEntry assets/img/data.jpg
156 silly gunzTarPerm modified mode [ 'assets/img/data.jpg', 438, 420 ]
157 silly gunzTarPerm extractEntry assets/img/layers.jpg
158 silly gunzTarPerm modified mode [ 'assets/img/layers.jpg', 438, 420 ]
159 silly gunzTarPerm extractEntry assets/img/picture-2.jpg
160 silly gunzTarPerm modified mode [ 'assets/img/picture-2.jpg', 438, 420 ]
161 silly gunzTarPerm extractEntry assets/img/picture.jpg
162 silly gunzTarPerm modified mode [ 'assets/img/picture.jpg', 438, 420 ]
163 silly gunzTarPerm extractEntry assets/js/bootstrap.min.js
164 silly gunzTarPerm modified mode [ 'assets/js/bootstrap.min.js', 438, 420 ]
165 silly gunzTarPerm extractEntry assets/js/jquery.min.js
166 silly gunzTarPerm modified mode [ 'assets/js/jquery.min.js', 438, 420 ]
167 silly gunzTarPerm extractEntry assets/js/qunit.js
168 silly gunzTarPerm modified mode [ 'assets/js/qunit.js', 438, 420 ]
169 silly gunzTarPerm extractEntry assets/js/tooltip.min.js
170 silly gunzTarPerm modified mode [ 'assets/js/tooltip.min.js', 438, 420 ]
171 silly gunzTarPerm extractEntry bower.json
172 silly gunzTarPerm modified mode [ 'bower.json', 438, 420 ]
173 silly gunzTarPerm extractEntry demo/css/main.css
174 silly gunzTarPerm modified mode [ 'demo/css/main.css', 438, 420 ]
175 silly gunzTarPerm extractEntry demo/index.html
176 silly gunzTarPerm modified mode [ 'demo/index.html', 438, 420 ]
177 silly gunzTarPerm extractEntry demo/js/main.js
178 silly gunzTarPerm modified mode [ 'demo/js/main.js', 438, 420 ]
179 silly gunzTarPerm extractEntry dist/cropper.js
180 silly gunzTarPerm modified mode [ 'dist/cropper.js', 438, 420 ]
181 silly gunzTarPerm extractEntry dist/cropper.min.js
182 silly gunzTarPerm modified mode [ 'dist/cropper.min.js', 438, 420 ]
183 silly gunzTarPerm extractEntry dist/cropper.css
184 silly gunzTarPerm modified mode [ 'dist/cropper.css', 438, 420 ]
185 silly gunzTarPerm extractEntry dist/cropper.min.css
186 silly gunzTarPerm modified mode [ 'dist/cropper.min.css', 438, 420 ]
187 silly gunzTarPerm extractEntry docs/apple-touch-icon.png
188 silly gunzTarPerm modified mode [ 'docs/apple-touch-icon.png', 438, 420 ]
189 silly gunzTarPerm extractEntry docs/css/main.css
190 silly gunzTarPerm modified mode [ 'docs/css/main.css', 438, 420 ]
191 silly gunzTarPerm extractEntry docs/favicon.ico
192 silly gunzTarPerm modified mode [ 'docs/favicon.ico', 438, 420 ]
193 silly gunzTarPerm extractEntry docs/humans.txt
194 silly gunzTarPerm modified mode [ 'docs/humans.txt', 438, 420 ]
195 silly gunzTarPerm extractEntry docs/index.html
196 silly gunzTarPerm modified mode [ 'docs/index.html', 438, 420 ]
197 silly gunzTarPerm extractEntry docs/js/main.js
198 silly gunzTarPerm modified mode [ 'docs/js/main.js', 438, 420 ]
199 silly gunzTarPerm extractEntry docs/robots.txt
200 silly gunzTarPerm modified mode [ 'docs/robots.txt', 438, 420 ]
201 silly gunzTarPerm extractEntry examples/crop-avatar/README.md
202 silly gunzTarPerm modified mode [ 'examples/crop-avatar/README.md', 438, 420 ]
203 silly gunzTarPerm extractEntry examples/crop-avatar/crop.php
204 silly gunzTarPerm modified mode [ 'examples/crop-avatar/crop.php', 438, 420 ]
205 silly gunzTarPerm extractEntry examples/crop-avatar/css/main.css
206 silly gunzTarPerm modified mode [ 'examples/crop-avatar/css/main.css', 438, 420 ]
207 silly gunzTarPerm extractEntry examples/crop-avatar/img/loading.gif
208 silly gunzTarPerm modified mode [ 'examples/crop-avatar/img/loading.gif', 438, 420 ]
209 silly gunzTarPerm extractEntry examples/crop-avatar/img/picture.jpg
210 silly gunzTarPerm modified mode [ 'examples/crop-avatar/img/picture.jpg', 438, 420 ]
211 silly gunzTarPerm extractEntry examples/crop-avatar/index.html
212 silly gunzTarPerm modified mode [ 'examples/crop-avatar/index.html', 438, 420 ]
213 silly gunzTarPerm extractEntry examples/crop-avatar/js/main.js
214 silly gunzTarPerm modified mode [ 'examples/crop-avatar/js/main.js', 438, 420 ]
215 silly gunzTarPerm extractEntry .editorconfig
216 silly gunzTarPerm modified mode [ '.editorconfig', 438, 420 ]
217 silly gunzTarPerm extractEntry src/.csscomb.json
218 silly gunzTarPerm modified mode [ 'src/.csscomb.json', 438, 420 ]
219 silly gunzTarPerm extractEntry src/.csslintrc
220 silly gunzTarPerm modified mode [ 'src/.csslintrc', 438, 420 ]
221 silly gunzTarPerm extractEntry src/.jscsrc
222 silly gunzTarPerm modified mode [ 'src/.jscsrc', 438, 420 ]
223 silly gunzTarPerm extractEntry src/.jshintrc
224 silly gunzTarPerm modified mode [ 'src/.jshintrc', 438, 420 ]
225 silly gunzTarPerm extractEntry src/img/bg.png
226 silly gunzTarPerm modified mode [ 'src/img/bg.png', 438, 420 ]
227 silly gunzTarPerm extractEntry src/js/build.js
228 silly gunzTarPerm modified mode [ 'src/js/build.js', 438, 420 ]
229 silly gunzTarPerm extractEntry src/js/intro.js
230 silly gunzTarPerm modified mode [ 'src/js/intro.js', 438, 420 ]
231 silly gunzTarPerm extractEntry src/js/listen.js
232 silly gunzTarPerm modified mode [ 'src/js/listen.js', 438, 420 ]
233 silly gunzTarPerm extractEntry src/js/load.js
234 silly gunzTarPerm modified mode [ 'src/js/load.js', 438, 420 ]
235 silly gunzTarPerm extractEntry src/js/handlers.js
236 silly gunzTarPerm modified mode [ 'src/js/handlers.js', 438, 420 ]
237 silly gunzTarPerm extractEntry src/js/outro.js
238 silly gunzTarPerm modified mode [ 'src/js/outro.js', 438, 420 ]
239 silly gunzTarPerm extractEntry src/js/plugin.js
240 silly gunzTarPerm modified mode [ 'src/js/plugin.js', 438, 420 ]
241 silly gunzTarPerm extractEntry src/js/preview.js
242 silly gunzTarPerm modified mode [ 'src/js/preview.js', 438, 420 ]
243 silly gunzTarPerm extractEntry src/js/prototype.js
244 silly gunzTarPerm modified mode [ 'src/js/prototype.js', 438, 420 ]
245 silly gunzTarPerm extractEntry src/js/render.js
246 silly gunzTarPerm modified mode [ 'src/js/render.js', 438, 420 ]
247 silly gunzTarPerm extractEntry src/js/defaults.js
248 silly gunzTarPerm modified mode [ 'src/js/defaults.js', 438, 420 ]
249 silly gunzTarPerm extractEntry src/js/template.js
250 silly gunzTarPerm modified mode [ 'src/js/template.js', 438, 420 ]
251 silly gunzTarPerm extractEntry src/js/cropper.js
252 silly gunzTarPerm modified mode [ 'src/js/cropper.js', 438, 420 ]
253 silly gunzTarPerm extractEntry src/js/utilities.js
254 silly gunzTarPerm modified mode [ 'src/js/utilities.js', 438, 420 ]
255 silly gunzTarPerm extractEntry src/js/change.js
256 silly gunzTarPerm modified mode [ 'src/js/change.js', 438, 420 ]
257 silly gunzTarPerm extractEntry src/js/variables.js
258 silly gunzTarPerm modified mode [ 'src/js/variables.js', 438, 420 ]
259 silly gunzTarPerm extractEntry src/js/methods.js
260 silly gunzTarPerm modified mode [ 'src/js/methods.js', 438, 420 ]
261 silly gunzTarPerm extractEntry src/less/cropper.less
262 silly gunzTarPerm modified mode [ 'src/less/cropper.less', 438, 420 ]
263 silly gunzTarPerm extractEntry src/less/main.less
264 silly gunzTarPerm modified mode [ 'src/less/main.less', 438, 420 ]
265 silly gunzTarPerm extractEntry src/less/mixins.less
266 silly gunzTarPerm modified mode [ 'src/less/mixins.less', 438, 420 ]
267 silly gunzTarPerm extractEntry src/less/utilities.less
268 silly gunzTarPerm modified mode [ 'src/less/utilities.less', 438, 420 ]
269 silly gunzTarPerm extractEntry src/less/variables.less
270 silly gunzTarPerm modified mode [ 'src/less/variables.less', 438, 420 ]
271 silly gunzTarPerm extractEntry CHANGELOG.md
272 silly gunzTarPerm modified mode [ 'CHANGELOG.md', 438, 420 ]
273 silly gunzTarPerm extractEntry test/css/main.css
274 silly gunzTarPerm modified mode [ 'test/css/main.css', 438, 420 ]
275 silly gunzTarPerm extractEntry test/events/build.js
276 silly gunzTarPerm modified mode [ 'test/events/build.js', 438, 420 ]
277 silly gunzTarPerm extractEntry test/events/built.js
278 silly gunzTarPerm modified mode [ 'test/events/built.js', 438, 420 ]
279 silly gunzTarPerm extractEntry test/events/crop.js
280 silly gunzTarPerm modified mode [ 'test/events/crop.js', 438, 420 ]
281 silly gunzTarPerm extractEntry test/events/cropend.js
282 silly gunzTarPerm modified mode [ 'test/events/cropend.js', 438, 420 ]
283 silly gunzTarPerm extractEntry test/events/cropmove.js
284 silly gunzTarPerm modified mode [ 'test/events/cropmove.js', 438, 420 ]
285 silly gunzTarPerm extractEntry test/events/cropstart.js
286 silly gunzTarPerm modified mode [ 'test/events/cropstart.js', 438, 420 ]
287 silly gunzTarPerm extractEntry test/events/zoom.js
288 silly gunzTarPerm modified mode [ 'test/events/zoom.js', 438, 420 ]
289 silly gunzTarPerm extractEntry test/events.html
290 silly gunzTarPerm modified mode [ 'test/events.html', 438, 420 ]
291 silly gunzTarPerm extractEntry test/js/main.js
292 silly gunzTarPerm modified mode [ 'test/js/main.js', 438, 420 ]
293 silly gunzTarPerm extractEntry test/methods/clear.js
294 silly gunzTarPerm modified mode [ 'test/methods/clear.js', 438, 420 ]
295 silly gunzTarPerm extractEntry test/methods/getCropBoxData.js
296 silly gunzTarPerm modified mode [ 'test/methods/getCropBoxData.js', 438, 420 ]
297 silly gunzTarPerm extractEntry test/methods/getCroppedCanvas.js
298 silly gunzTarPerm modified mode [ 'test/methods/getCroppedCanvas.js', 438, 420 ]
299 silly gunzTarPerm extractEntry test/methods/getData.js
300 silly gunzTarPerm modified mode [ 'test/methods/getData.js', 438, 420 ]
301 silly gunzTarPerm extractEntry test/methods/getImageData.js
302 silly gunzTarPerm modified mode [ 'test/methods/getImageData.js', 438, 420 ]
303 silly gunzTarPerm extractEntry test/methods/getContainerData.js
304 silly gunzTarPerm modified mode [ 'test/methods/getContainerData.js', 438, 420 ]
305 silly gunzTarPerm extractEntry test/methods/replace.js
306 silly gunzTarPerm modified mode [ 'test/methods/replace.js', 438, 420 ]
307 silly gunzTarPerm extractEntry test/methods/reset.js
308 silly gunzTarPerm modified mode [ 'test/methods/reset.js', 438, 420 ]
309 silly gunzTarPerm extractEntry test/methods/rotate.js
310 silly gunzTarPerm modified mode [ 'test/methods/rotate.js', 438, 420 ]
311 silly gunzTarPerm extractEntry test/methods/scale.js
312 silly gunzTarPerm modified mode [ 'test/methods/scale.js', 438, 420 ]
313 silly gunzTarPerm extractEntry test/methods/setAspectRatio.js
314 silly gunzTarPerm modified mode [ 'test/methods/setAspectRatio.js', 438, 420 ]
315 silly gunzTarPerm extractEntry test/methods/getCanvasData.js
316 silly gunzTarPerm modified mode [ 'test/methods/getCanvasData.js', 438, 420 ]
317 silly gunzTarPerm extractEntry test/methods/setCanvasData.js
318 silly gunzTarPerm modified mode [ 'test/methods/setCanvasData.js', 438, 420 ]
319 silly gunzTarPerm extractEntry test/methods/enable.js
320 silly gunzTarPerm modified mode [ 'test/methods/enable.js', 438, 420 ]
321 silly gunzTarPerm extractEntry test/methods/setCropBoxData.js
322 silly gunzTarPerm modified mode [ 'test/methods/setCropBoxData.js', 438, 420 ]
323 silly gunzTarPerm extractEntry test/methods/disable.js
324 silly gunzTarPerm modified mode [ 'test/methods/disable.js', 438, 420 ]
325 silly gunzTarPerm extractEntry test/methods/setData.js
326 silly gunzTarPerm modified mode [ 'test/methods/setData.js', 438, 420 ]
327 silly gunzTarPerm extractEntry test/methods/destroy.js
328 silly gunzTarPerm modified mode [ 'test/methods/destroy.js', 438, 420 ]
329 silly gunzTarPerm extractEntry test/methods/setDragMode.js
330 silly gunzTarPerm modified mode [ 'test/methods/setDragMode.js', 438, 420 ]
331 silly gunzTarPerm extractEntry test/methods/crop.js
332 silly gunzTarPerm modified mode [ 'test/methods/crop.js', 438, 420 ]
333 silly gunzTarPerm extractEntry test/methods/zoom.js
334 silly gunzTarPerm modified mode [ 'test/methods/zoom.js', 438, 420 ]
335 silly gunzTarPerm extractEntry test/methods/move.js
336 silly gunzTarPerm modified mode [ 'test/methods/move.js', 438, 420 ]
337 silly gunzTarPerm extractEntry test/methods.html
338 silly gunzTarPerm modified mode [ 'test/methods.html', 438, 420 ]
339 silly gunzTarPerm extractEntry test/options/aspectRatio.js
340 silly gunzTarPerm modified mode [ 'test/options/aspectRatio.js', 438, 420 ]
341 silly gunzTarPerm extractEntry test/options/dragCrop.js
342 silly gunzTarPerm modified mode [ 'test/options/dragCrop.js', 438, 420 ]
343 silly gunzTarPerm extractEntry test/options/guides.js
344 silly gunzTarPerm modified mode [ 'test/options/guides.js', 438, 420 ]
345 silly gunzTarPerm extractEntry test/options/highlight.js
346 silly gunzTarPerm modified mode [ 'test/options/highlight.js', 438, 420 ]
347 silly gunzTarPerm extractEntry test/options/minCanvasHeight.js
348 silly gunzTarPerm modified mode [ 'test/options/minCanvasHeight.js', 438, 420 ]
349 silly gunzTarPerm extractEntry test/options/doubleClickToggle.js
350 silly gunzTarPerm modified mode [ 'test/options/doubleClickToggle.js', 438, 420 ]
351 silly gunzTarPerm extractEntry test/options/minContainerHeight.js
352 silly gunzTarPerm modified mode [ 'test/options/minContainerHeight.js', 438, 420 ]
353 silly gunzTarPerm extractEntry test/options/minContainerWidth.js
354 silly gunzTarPerm modified mode [ 'test/options/minContainerWidth.js', 438, 420 ]
355 silly gunzTarPerm extractEntry test/options/minCropBoxHeight.js
356 silly gunzTarPerm modified mode [ 'test/options/minCropBoxHeight.js', 438, 420 ]
357 silly gunzTarPerm extractEntry test/options/minCropBoxWidth.js
358 silly gunzTarPerm modified mode [ 'test/options/minCropBoxWidth.js', 438, 420 ]
359 silly gunzTarPerm extractEntry test/options/modal.js
360 silly gunzTarPerm modified mode [ 'test/options/modal.js', 438, 420 ]
361 silly gunzTarPerm extractEntry test/options/data.js
362 silly gunzTarPerm modified mode [ 'test/options/data.js', 438, 420 ]
363 silly gunzTarPerm extractEntry test/options/mouseWheelZoom.js
364 silly gunzTarPerm modified mode [ 'test/options/mouseWheelZoom.js', 438, 420 ]
365 silly gunzTarPerm extractEntry test/options/cropBoxResizable.js
366 silly gunzTarPerm modified mode [ 'test/options/cropBoxResizable.js', 438, 420 ]
367 silly gunzTarPerm extractEntry test/options/movable.js
368 silly gunzTarPerm modified mode [ 'test/options/movable.js', 438, 420 ]
369 silly gunzTarPerm extractEntry test/options/cropBoxMovable.js
370 silly gunzTarPerm modified mode [ 'test/options/cropBoxMovable.js', 438, 420 ]
371 silly gunzTarPerm extractEntry test/options/rotatable.js
372 silly gunzTarPerm modified mode [ 'test/options/rotatable.js', 438, 420 ]
373 silly gunzTarPerm extractEntry test/options/checkImageOrigin.js
374 silly gunzTarPerm modified mode [ 'test/options/checkImageOrigin.js', 438, 420 ]
375 silly gunzTarPerm extractEntry test/options/scalable.js
376 silly gunzTarPerm modified mode [ 'test/options/scalable.js', 438, 420 ]
377 silly gunzTarPerm extractEntry test/options/center.js
378 silly gunzTarPerm modified mode [ 'test/options/center.js', 438, 420 ]
379 silly gunzTarPerm extractEntry test/options/strict.js
380 silly gunzTarPerm modified mode [ 'test/options/strict.js', 438, 420 ]
381 silly gunzTarPerm extractEntry test/options/background.js
382 silly gunzTarPerm modified mode [ 'test/options/background.js', 438, 420 ]
383 silly gunzTarPerm extractEntry test/options/touchDragZoom.js
384 silly gunzTarPerm modified mode [ 'test/options/touchDragZoom.js', 438, 420 ]
385 silly gunzTarPerm extractEntry test/options/autoCrop.js
386 silly gunzTarPerm modified mode [ 'test/options/autoCrop.js', 438, 420 ]
387 silly gunzTarPerm extractEntry test/options/zoomable.js
388 silly gunzTarPerm modified mode [ 'test/options/zoomable.js', 438, 420 ]
389 silly gunzTarPerm extractEntry test/options/minCanvasWidth.js
390 silly gunzTarPerm modified mode [ 'test/options/minCanvasWidth.js', 438, 420 ]
391 silly gunzTarPerm extractEntry test/options.html
392 silly gunzTarPerm modified mode [ 'test/options.html', 438, 420 ]
393 silly lockFile febbd3da-act-cropper-node-modules-cropper tar:///Applications/MAMP/htdocs/img-search/node_modules/react-cropper/node_modules/cropper
394 silly lockFile febbd3da-act-cropper-node-modules-cropper tar:///Applications/MAMP/htdocs/img-search/node_modules/react-cropper/node_modules/cropper
395 silly lockFile ed7e801e-n-npm-cropper-0-11-1-package-tgz tar:///Users/allanwatson/.npm/cropper/0.11.1/package.tgz
396 silly lockFile ed7e801e-n-npm-cropper-0-11-1-package-tgz tar:///Users/allanwatson/.npm/cropper/0.11.1/package.tgz
397 info preinstall cropper@0.11.1
398 verbose readDependencies using package.json deps
399 verbose readDependencies using package.json deps
400 verbose cache add [ '@fengyuanchen/tooltip@0.0.2', null ]
401 verbose cache add name=undefined spec="@fengyuanchen/tooltip@0.0.2" args=["@fengyuanchen/tooltip@0.0.2",null]
402 verbose parsed url { protocol: null,
402 verbose parsed url   slashes: null,
402 verbose parsed url   auth: null,
402 verbose parsed url   host: null,
402 verbose parsed url   port: null,
402 verbose parsed url   hostname: null,
402 verbose parsed url   hash: null,
402 verbose parsed url   search: null,
402 verbose parsed url   query: null,
402 verbose parsed url   pathname: '@fengyuanchen/tooltip@0.0.2',
402 verbose parsed url   path: '@fengyuanchen/tooltip@0.0.2',
402 verbose parsed url   href: '@fengyuanchen/tooltip@0.0.2' }
403 verbose cache add [ 'jquery@>= 1.9.1', null ]
404 verbose cache add name=undefined spec="jquery@>= 1.9.1" args=["jquery@>= 1.9.1",null]
405 verbose parsed url { protocol: null,
405 verbose parsed url   slashes: null,
405 verbose parsed url   auth: null,
405 verbose parsed url   host: null,
405 verbose parsed url   port: null,
405 verbose parsed url   hostname: null,
405 verbose parsed url   hash: null,
405 verbose parsed url   search: null,
405 verbose parsed url   query: null,
405 verbose parsed url   pathname: 'jquery@%3E=%201.9.1',
405 verbose parsed url   path: 'jquery@%3E=%201.9.1',
405 verbose parsed url   href: 'jquery@%3E=%201.9.1' }
406 verbose cache add name="" spec="fengyuanchen/tooltip@0.0.2" args=["","fengyuanchen/tooltip@0.0.2"]
407 verbose parsed url { protocol: null,
407 verbose parsed url   slashes: null,
407 verbose parsed url   auth: null,
407 verbose parsed url   host: null,
407 verbose parsed url   port: null,
407 verbose parsed url   hostname: null,
407 verbose parsed url   hash: null,
407 verbose parsed url   search: null,
407 verbose parsed url   query: null,
407 verbose parsed url   pathname: 'fengyuanchen/tooltip@0.0.2',
407 verbose parsed url   path: 'fengyuanchen/tooltip@0.0.2',
407 verbose parsed url   href: 'fengyuanchen/tooltip@0.0.2' }
408 verbose cache add name="jquery" spec=">= 1.9.1" args=["jquery",">= 1.9.1"]
409 verbose parsed url { protocol: null,
409 verbose parsed url   slashes: null,
409 verbose parsed url   auth: null,
409 verbose parsed url   host: null,
409 verbose parsed url   port: null,
409 verbose parsed url   hostname: null,
409 verbose parsed url   hash: null,
409 verbose parsed url   search: null,
409 verbose parsed url   query: null,
409 verbose parsed url   pathname: '%3E=%201.9.1',
409 verbose parsed url   path: '%3E=%201.9.1',
409 verbose parsed url   href: '%3E=%201.9.1' }
410 verbose addNamed [ 'jquery', '>= 1.9.1' ]
411 verbose addNamed [ null, '>=1.9.1' ]
412 silly lockFile e0250b95-jquery-1-9-1 jquery@>= 1.9.1
413 verbose lock jquery@>= 1.9.1 /Users/allanwatson/.npm/e0250b95-jquery-1-9-1.lock
414 verbose cache add name="fengyuanchen/tooltip" spec="0.0.2" args=["fengyuanchen/tooltip","0.0.2"]
415 verbose parsed url { protocol: null,
415 verbose parsed url   slashes: null,
415 verbose parsed url   auth: null,
415 verbose parsed url   host: null,
415 verbose parsed url   port: null,
415 verbose parsed url   hostname: null,
415 verbose parsed url   hash: null,
415 verbose parsed url   search: null,
415 verbose parsed url   query: null,
415 verbose parsed url   pathname: '0.0.2',
415 verbose parsed url   path: '0.0.2',
415 verbose parsed url   href: '0.0.2' }
416 verbose addNamed [ 'fengyuanchen/tooltip', '0.0.2' ]
417 verbose addNamed [ '0.0.2', '0.0.2' ]
418 silly lockFile fe1cff66-fengyuanchen-tooltip-0-0-2 fengyuanchen/tooltip@0.0.2
419 verbose lock fengyuanchen/tooltip@0.0.2 /Users/allanwatson/.npm/fe1cff66-fengyuanchen-tooltip-0-0-2.lock
420 silly addNameRange { name: 'jquery', range: '>=1.9.1', hasData: false }
421 verbose request where is /jquery
422 verbose request registry https://registry.npmjs.org/
423 verbose url raw /jquery
424 verbose url resolving [ 'https://registry.npmjs.org/', './jquery' ]
425 verbose url resolved https://registry.npmjs.org/jquery
426 verbose request where is https://registry.npmjs.org/jquery
427 info trying registry request attempt 1 at 21:16:06
428 verbose etag "CD6WSU58PMB3HCNMB2XIR28TL"
429 http GET https://registry.npmjs.org/jquery
430 verbose request where is /fengyuanchen/tooltip
431 verbose request registry https://registry.npmjs.org/
432 verbose url raw /fengyuanchen/tooltip
433 verbose url resolving [ 'https://registry.npmjs.org/', './fengyuanchen/tooltip' ]
434 verbose url resolved https://registry.npmjs.org/fengyuanchen/tooltip
435 verbose request where is https://registry.npmjs.org/fengyuanchen/tooltip
436 info trying registry request attempt 1 at 21:16:06
437 http GET https://registry.npmjs.org/fengyuanchen/tooltip
438 http 304 https://registry.npmjs.org/jquery
439 silly registry.get cb [ 304,
439 silly registry.get   { date: 'Thu, 12 Nov 2015 21:15:57 GMT',
439 silly registry.get     via: '1.1 varnish',
439 silly registry.get     'cache-control': 'max-age=60',
439 silly registry.get     etag: '"CD6WSU58PMB3HCNMB2XIR28TL"',
439 silly registry.get     age: '0',
439 silly registry.get     connection: 'keep-alive',
439 silly registry.get     'x-served-by': 'cache-lcy1121-LCY',
439 silly registry.get     'x-cache': 'HIT',
439 silly registry.get     'x-cache-hits': '1',
439 silly registry.get     'x-timer': 'S1447362957.374502,VS0,VE171',
439 silly registry.get     vary: 'Accept' } ]
440 verbose etag https://registry.npmjs.org/jquery from cache
441 silly addNameRange number 2 { name: 'jquery', range: '>=1.9.1', hasData: true }
442 silly addNameRange versions [ 'jquery',
442 silly addNameRange   [ '1.5.1',
442 silly addNameRange     '1.6.2',
442 silly addNameRange     '1.6.3',
442 silly addNameRange     '1.7.2',
442 silly addNameRange     '1.7.3',
442 silly addNameRange     '1.8.2',
442 silly addNameRange     '1.8.3',
442 silly addNameRange     '2.1.0-beta2',
442 silly addNameRange     '2.1.0-beta3',
442 silly addNameRange     '1.11.0-beta3',
442 silly addNameRange     '1.11.0-rc1',
442 silly addNameRange     '2.1.0-rc1',
442 silly addNameRange     '1.11.0',
442 silly addNameRange     '2.1.0',
442 silly addNameRange     '2.1.1-beta1',
442 silly addNameRange     '1.11.1-beta1',
442 silly addNameRange     '2.1.1-rc1',
442 silly addNameRange     '1.11.1-rc1',
442 silly addNameRange     '2.1.1-rc2',
442 silly addNameRange     '1.11.1-rc2',
442 silly addNameRange     '2.1.1',
442 silly addNameRange     '1.11.1',
442 silly addNameRange     '1.9.1',
442 silly addNameRange     '2.1.2',
442 silly addNameRange     '1.11.2',
442 silly addNameRange     '2.1.3',
442 silly addNameRange     '2.1.4',
442 silly addNameRange     '1.11.3',
442 silly addNameRange     '3.0.0-alpha1' ] ]
443 verbose addNamed [ 'jquery', '2.1.4' ]
444 verbose addNamed [ '2.1.4', '2.1.4' ]
445 silly lockFile f774660c-jquery-2-1-4 jquery@2.1.4
446 verbose lock jquery@2.1.4 /Users/allanwatson/.npm/f774660c-jquery-2-1-4.lock
447 http 404 https://registry.npmjs.org/fengyuanchen/tooltip
448 silly registry.get cb [ 404,
448 silly registry.get   { 'content-type': 'application/json',
448 silly registry.get     'cache-control': 'max-age=0',
448 silly registry.get     'content-length': '2',
448 silly registry.get     'accept-ranges': 'bytes',
448 silly registry.get     date: 'Thu, 12 Nov 2015 21:15:57 GMT',
448 silly registry.get     via: '1.1 varnish',
448 silly registry.get     age: '0',
448 silly registry.get     connection: 'keep-alive',
448 silly registry.get     'x-served-by': 'cache-lcy1133-LCY',
448 silly registry.get     'x-cache': 'MISS',
448 silly registry.get     'x-cache-hits': '0',
448 silly registry.get     'x-timer': 'S1447362957.386069,VS0,VE163' } ]
449 silly lockFile fe1cff66-fengyuanchen-tooltip-0-0-2 fengyuanchen/tooltip@0.0.2
450 silly lockFile fe1cff66-fengyuanchen-tooltip-0-0-2 fengyuanchen/tooltip@0.0.2
451 verbose about to build /Applications/MAMP/htdocs/img-search/node_modules/react-cropper/node_modules/cropper
452 verbose node_modules/react-cropper/node_modules/cropper unbuild
453 info preuninstall cropper@0.11.1
454 info uninstall cropper@0.11.1
455 verbose false,/Applications/MAMP/htdocs/img-search/node_modules,/Applications/MAMP/htdocs/img-search/node_modules/react-cropper/node_modules unbuild cropper@0.11.1
456 info postuninstall cropper@0.11.1
457 verbose about to build /Applications/MAMP/htdocs/img-search/node_modules/react-cropper
458 verbose node_modules/react-cropper unbuild
459 info preuninstall react-cropper@0.5.1
460 info uninstall react-cropper@0.5.1
461 verbose true,/Applications/MAMP/htdocs/img-search/node_modules,/Applications/MAMP/htdocs/img-search/node_modules unbuild react-cropper@0.5.1
462 info postuninstall react-cropper@0.5.1
463 error 404 Not Found
463 error 404
463 error 404 'fengyuanchen/tooltip' is not in the npm registry.
463 error 404 You should bug the author to publish it
463 error 404 It was specified as a dependency of 'cropper'
463 error 404
463 error 404 Note that you can also install from a
463 error 404 tarball, folder, or http url, or git url.
464 error System Darwin 15.0.0
465 error command "node" "/usr/local/bin/npm" "install" "--save" "react-cropper"
466 error cwd /Applications/MAMP/htdocs/img-search
467 error node -v v0.10.24
468 error npm -v 1.4.20
469 error code E404
470 verbose exit [ 1, true ]
